0 info it worked if it ends with ok
1 verbose cli [ 'node', '/usr/local/bin/npm', 'init' ]
2 info using npm@2.7.3
3 info using node@v0.12.1
4 verbose node symlink /usr/local/bin/node
5 silly package data undefined
6 info init written successfully
7 verbose stack Error: Invalid name: "npm install --save express"
7 verbose stack     at ensureValidName (/usr/local/lib/node_modules/npm/node_modules/normalize-package-data/lib/fixer.js:322:15)
7 verbose stack     at Object.module.exports.fixNameField (/usr/local/lib/node_modules/npm/node_modules/normalize-package-data/lib/fixer.js:211:5)
7 verbose stack     at /usr/local/lib/node_modules/npm/node_modules/normalize-package-data/lib/normalize.js:30:38
7 verbose stack     at Array.forEach (native)
7 verbose stack     at normalize (/usr/local/lib/node_modules/npm/node_modules/normalize-package-data/lib/normalize.js:29:15)
7 verbose stack     at final (/usr/local/lib/node_modules/npm/node_modules/read-package-json/read-json.js:368:33)
7 verbose stack     at then (/usr/local/lib/node_modules/npm/node_modules/read-package-json/read-json.js:127:33)
7 verbose stack     at gypfile_ (/usr/local/lib/node_modules/npm/node_modules/read-package-json/read-json.js:159:43)
7 verbose stack     at /usr/local/lib/node_modules/npm/node_modules/read-package-json/read-json.js:154:33
7 verbose stack     at f (/usr/local/lib/node_modules/npm/node_modules/once/once.js:17:25)
8 verbose cwd /Users/luminousbeam/milk_class/instructor_code_challenge
9 error Darwin 14.3.0
10 error argv "node" "/usr/local/bin/npm" "init"
11 error node v0.12.1
12 error npm  v2.7.3
13 error Invalid name: "npm install --save express"
14 error If you need help, you may report this error at:
14 error     <https://github.com/npm/npm/issues>
15 verbose exit [ 1, true ]
